0 info it worked if it ends with ok
1 verbose cli [ '/usr/local/bin/node', '/usr/local/bin/npm', 'run', 'commit' ]
2 info using npm@3.10.9
3 info using node@v6.9.2
4 verbose run-script [ 'precommit', 'commit', 'postcommit' ]
5 info lifecycle generator-wp-2-tsc@0.0.0-semantically-released~precommit: generator-wp-2-tsc@0.0.0-semantically-released
6 verbose lifecycle generator-wp-2-tsc@0.0.0-semantically-released~precommit: unsafe-perm in lifecycle true
7 verbose lifecycle generator-wp-2-tsc@0.0.0-semantically-released~precommit: PATH: /usr/local/lib/node_modules/npm/bin/node-gyp-bin:/Users/andylui/Desktop/jsGIT/generator-wp2-tsc/generator-wp-2-tsc/node_modules/.bin:/Library/Frameworks/Mono.framework/Versions/Current/bin/:/usr/local/bin:/usr/bin:/bin:/usr/sbin:/sbin:/Users/andylui/.composer/vendor/bin:/opt/X11/bin/:/Users/andylui/desktop/docker/aws
8 verbose lifecycle generator-wp-2-tsc@0.0.0-semantically-released~precommit: CWD: /Users/andylui/Desktop/jsGIT/generator-wp2-tsc/generator-wp-2-tsc
9 silly lifecycle generator-wp-2-tsc@0.0.0-semantically-released~precommit: Args: [ '-c', 'lint-staged' ]
10 silly lifecycle generator-wp-2-tsc@0.0.0-semantically-released~precommit: Returned: code: 0  signal: null
11 info lifecycle generator-wp-2-tsc@0.0.0-semantically-released~commit: generator-wp-2-tsc@0.0.0-semantically-released
12 verbose lifecycle generator-wp-2-tsc@0.0.0-semantically-released~commit: unsafe-perm in lifecycle true
13 verbose lifecycle generator-wp-2-tsc@0.0.0-semantically-released~commit: PATH: /usr/local/lib/node_modules/npm/bin/node-gyp-bin:/Users/andylui/Desktop/jsGIT/generator-wp2-tsc/generator-wp-2-tsc/node_modules/.bin:/Library/Frameworks/Mono.framework/Versions/Current/bin/:/usr/local/bin:/usr/bin:/bin:/usr/sbin:/sbin:/Users/andylui/.composer/vendor/bin:/opt/X11/bin/:/Users/andylui/desktop/docker/aws
14 verbose lifecycle generator-wp-2-tsc@0.0.0-semantically-released~commit: CWD: /Users/andylui/Desktop/jsGIT/generator-wp2-tsc/generator-wp-2-tsc
15 silly lifecycle generator-wp-2-tsc@0.0.0-semantically-released~commit: Args: [ '-c', 'git-cz' ]
16 info lifecycle generator-wp-2-tsc@0.0.0-semantically-released~commit: Failed to exec commit script
17 verbose stack Error: generator-wp-2-tsc@0.0.0-semantically-released commit: `git-cz`
17 verbose stack spawn ENOENT
17 verbose stack     at ChildProcess.<anonymous> (/usr/local/lib/node_modules/npm/lib/utils/spawn.js:33:16)
17 verbose stack     at emitTwo (events.js:106:13)
17 verbose stack     at ChildProcess.emit (events.js:191:7)
17 verbose stack     at maybeClose (internal/child_process.js:877:16)
17 verbose stack     at Process.ChildProcess._handle.onexit (internal/child_process.js:226:5)
18 verbose pkgid generator-wp-2-tsc@0.0.0-semantically-released
19 verbose cwd /Users/andylui/Desktop/jsGIT/generator-wp2-tsc/generator-wp-2-tsc/generators/app
20 error Darwin 16.7.0
21 error argv "/usr/local/bin/node" "/usr/local/bin/npm" "run" "commit"
22 error node v6.9.2
23 error npm  v3.10.9
24 error file sh
25 error code ELIFECYCLE
26 error errno ENOENT
27 error syscall spawn
28 error generator-wp-2-tsc@0.0.0-semantically-released commit: `git-cz`
28 error spawn ENOENT
29 error Failed at the generator-wp-2-tsc@0.0.0-semantically-released commit script 'git-cz'.
29 error Make sure you have the latest version of node.js and npm installed.
29 error If you do, this is most likely a problem with the generator-wp-2-tsc package,
29 error not with npm itself.
29 error Tell the author that this fails on your system:
29 error     git-cz
29 error You can get information on how to open an issue for this project with:
29 error     npm bugs generator-wp-2-tsc
29 error Or if that isn't available, you can get their info via:
29 error     npm owner ls generator-wp-2-tsc
29 error There is likely additional logging output above.
30 verbose exit [ 1, true ]
